--------------------------------------------------------------------------------
Release 14.7 Trace  (nt)
Copyright (c) 1995-2013 Xilinx, Inc.  All rights reserved.

E:\Xilinx\14.7\ISE_DS\ISE\bin\nt\unwrapped\trce.exe -intstyle ise -v 3 -s 3 -n
3 -fastpaths -xml ripplecarryadder_4bit.twx ripplecarryadder_4bit.ncd -o
ripplecarryadder_4bit.twr ripplecarryadder_4bit.pcf

Design file:              ripplecarryadder_4bit.ncd
Physical constraint file: ripplecarryadder_4bit.pcf
Device,package,speed:     xc6slx4,tqg144,C,-3 (PRODUCTION 1.23 2013-10-13)
Report level:             verbose report

Environment Variable      Effect 
--------------------      ------ 
NONE                      No environment variables were set
--------------------------------------------------------------------------------

INFO:Timing:2698 - No timing constraints found, doing default enumeration.
INFO:Timing:3412 - To improve timing, see the Timing Closure User Guide (UG612).
INFO:Timing:2752 - To get complete path coverage, use the unconstrained paths 
   option. All paths that are not constrained will be reported in the 
   unconstrained paths section(s) of the report.
INFO:Timing:3339 - The clock-to-out numbers in this timing report are based on 
   a 50 Ohm transmission line loading model.  For the details of this model, 
   and for more information on accounting for different loading conditions, 
   please see the device datasheet.



Data Sheet report:
-----------------
All values displayed in nanoseconds (ns)

Pad to Pad
---------------+---------------+---------+
Source Pad     |Destination Pad|  Delay  |
---------------+---------------+---------+
a<0>           |cout           |    7.799|
a<0>           |sum<0>         |    7.159|
a<0>           |sum<1>         |    7.223|
a<0>           |sum<2>         |    7.591|
a<0>           |sum<3>         |    7.885|
a<1>           |cout           |    7.745|
a<1>           |sum<1>         |    7.169|
a<1>           |sum<2>         |    7.537|
a<1>           |sum<3>         |    7.831|
a<2>           |cout           |    6.906|
a<2>           |sum<2>         |    7.048|
a<2>           |sum<3>         |    6.992|
a<3>           |cout           |    6.786|
a<3>           |sum<3>         |    6.872|
b<0>           |cout           |    7.369|
b<0>           |sum<0>         |    6.810|
b<0>           |sum<1>         |    6.793|
b<0>           |sum<2>         |    7.161|
b<0>           |sum<3>         |    7.455|
b<1>           |cout           |    7.317|
b<1>           |sum<1>         |    6.741|
b<1>           |sum<2>         |    7.109|
b<1>           |sum<3>         |    7.403|
b<2>           |cout           |    6.934|
b<2>           |sum<2>         |    7.035|
b<2>           |sum<3>         |    7.020|
b<3>           |cout           |    6.659|
b<3>           |sum<3>         |    6.745|
cin            |cout           |    7.504|
cin            |sum<0>         |    6.665|
cin            |sum<1>         |    6.928|
cin            |sum<2>         |    7.296|
cin            |sum<3>         |    7.590|
---------------+---------------+---------+


Analysis completed Sat Feb 18 05:53:08 2017 
--------------------------------------------------------------------------------

Trace Settings:
-------------------------
Trace Settings 

Peak Memory Usage: 160 MB



