Running: E:\Xilinx\14.7\ISE_DS\ISE\bin\nt\unwrapped\fuse.exe -intstyle ise -incremental -lib unisims_ver -lib unimacro_ver -lib xilinxcorelib_ver -lib secureip -o E:/Verilog programs/mux_2bit/mux2_bit_test_isim_beh.exe -prj E:/Verilog programs/mux_2bit/mux2_bit_test_beh.prj work.mux2_bit_test 
ISim P.20131013 (signature 0x8ef4fb42)
Number of CPUs detected in this system: 4
Turning on mult-threading, number of parallel sub-compilation jobs: 8 
Determining compilation order of HDL files
Analyzing Verilog file "E:/Verilog programs/mux_2bit/mux_2bit.v" into library work
Analyzing Verilog file "E:/Verilog programs/mux_2bit/mux2_bit_test.v" into library work
Analyzing Verilog file "E:/Xilinx/14.7/ISE_DS/ISE//verilog/src/glbl.v" into library work
Starting static elaboration
Completed static elaboration
Fuse Memory Usage: 157992 KB
Fuse CPU Usage: 296 ms
Compiling module mux_2bit
Compiling module mux2_bit_test
Time Resolution for simulation is 1ps.
Waiting for 1 sub-compilation(s) to finish...
Compiled 2 Verilog Units
Built simulation executable E:/Verilog programs/mux_2bit/mux2_bit_test_isim_beh.exe
Fuse Memory Usage: 162440 KB
Fuse CPU Usage: 343 ms
