--------------------------------------------------------------------------------
Release 14.7 Trace  (nt)
Copyright (c) 1995-2013 Xilinx, Inc.  All rights reserved.

E:\Xilinx\14.7\ISE_DS\ISE\bin\nt\unwrapped\trce.exe -intstyle ise -v 3 -s 3 -n
3 -fastpaths -xml array4x4.twx array4x4.ncd -o array4x4.twr array4x4.pcf

Design file:              array4x4.ncd
Physical constraint file: array4x4.pcf
Device,package,speed:     xc6slx4,tqg144,C,-3 (PRODUCTION 1.23 2013-10-13)
Report level:             verbose report

Environment Variable      Effect 
--------------------      ------ 
NONE                      No environment variables were set
--------------------------------------------------------------------------------

INFO:Timing:2698 - No timing constraints found, doing default enumeration.
INFO:Timing:3412 - To improve timing, see the Timing Closure User Guide (UG612).
INFO:Timing:2752 - To get complete path coverage, use the unconstrained paths 
   option. All paths that are not constrained will be reported in the 
   unconstrained paths section(s) of the report.
INFO:Timing:3339 - The clock-to-out numbers in this timing report are based on 
   a 50 Ohm transmission line loading model.  For the details of this model, 
   and for more information on accounting for different loading conditions, 
   please see the device datasheet.



Data Sheet report:
-----------------
All values displayed in nanoseconds (ns)

Pad to Pad
---------------+---------------+---------+
Source Pad     |Destination Pad|  Delay  |
---------------+---------------+---------+
a<0>           |p<0>           |    7.520|
a<0>           |p<1>           |    7.432|
a<0>           |p<2>           |    7.149|
a<0>           |p<3>           |    7.577|
a<0>           |p<4>           |    8.397|
a<0>           |p<5>           |    8.349|
a<0>           |p<6>           |    9.694|
a<0>           |p<7>           |    9.774|
a<1>           |p<1>           |    7.358|
a<1>           |p<2>           |    6.956|
a<1>           |p<3>           |    7.692|
a<1>           |p<4>           |    8.512|
a<1>           |p<5>           |    8.464|
a<1>           |p<6>           |    9.809|
a<1>           |p<7>           |    9.889|
a<2>           |p<2>           |    6.800|
a<2>           |p<3>           |    7.630|
a<2>           |p<4>           |    8.450|
a<2>           |p<5>           |    8.402|
a<2>           |p<6>           |    9.747|
a<2>           |p<7>           |    9.827|
a<3>           |p<3>           |    7.897|
a<3>           |p<4>           |    8.717|
a<3>           |p<5>           |    8.669|
a<3>           |p<6>           |   10.014|
a<3>           |p<7>           |   10.094|
b<0>           |p<0>           |    7.269|
b<0>           |p<1>           |    7.181|
b<0>           |p<2>           |    7.357|
b<0>           |p<3>           |    7.536|
b<0>           |p<4>           |    8.356|
b<0>           |p<5>           |    8.308|
b<0>           |p<6>           |    9.653|
b<0>           |p<7>           |    9.733|
b<1>           |p<1>           |    7.335|
b<1>           |p<2>           |    7.000|
b<1>           |p<3>           |    7.326|
b<1>           |p<4>           |    8.146|
b<1>           |p<5>           |    8.098|
b<1>           |p<6>           |    9.443|
b<1>           |p<7>           |    9.523|
b<2>           |p<2>           |    6.692|
b<2>           |p<3>           |    7.596|
b<2>           |p<4>           |    8.416|
b<2>           |p<5>           |    8.368|
b<2>           |p<6>           |    9.713|
b<2>           |p<7>           |    9.793|
b<3>           |p<3>           |    6.788|
b<3>           |p<4>           |    7.608|
b<3>           |p<5>           |    7.560|
b<3>           |p<6>           |    8.905|
b<3>           |p<7>           |    8.985|
---------------+---------------+---------+


Analysis completed Sat Feb 18 15:36:04 2017 
--------------------------------------------------------------------------------

Trace Settings:
-------------------------
Trace Settings 

Peak Memory Usage: 160 MB



