Running: fuse.exe -relaunch -intstyle "ise" -incremental -lib "unisims_ver" -lib "unimacro_ver" -lib "xilinxcorelib_ver" -lib "secureip" -o "E:/Verilog programs/decoder3to8/decoder3to8_test_isim_beh.exe" -prj "E:/Verilog programs/decoder3to8/decoder3to8_test_beh.prj" "work.decoder3to8_test" "work.glbl" 
ISim P.20131013 (signature 0x8ef4fb42)
Number of CPUs detected in this system: 4
Turning on mult-threading, number of parallel sub-compilation jobs: 8 
Determining compilation order of HDL files
Analyzing Verilog file "E:/Verilog programs/decoder3to8/decoder3to8.v" into library work
Analyzing Verilog file "E:/Verilog programs/decoder3to8/decoder3to8_test.v" into library work
Analyzing Verilog file "E:/Xilinx/14.7/ISE_DS/ISE//verilog/src/glbl.v" into library work
Starting static elaboration
Completed static elaboration
Fuse Memory Usage: 157800 KB
Fuse CPU Usage: 233 ms
Compiling module decoder3to8
Compiling module decoder3to8_test
Compiling module glbl
Time Resolution for simulation is 1ps.
Waiting for 1 sub-compilation(s) to finish...
Compiled 3 Verilog Units
Built simulation executable E:/Verilog programs/decoder3to8/decoder3to8_test_isim_beh.exe
Fuse Memory Usage: 162088 KB
Fuse CPU Usage: 296 ms
