Command line:
   half_adder_isim_beh.exe
     -simmode  gui
     -simrunnum  0
     -socket  60982

Thu Apr 20 15:01:24 2017


 Elaboration Time: 0.15625 sec

 Current Memory Usage: 861.86 Meg

 Total Signals          : 17
 Total Nets             : 17
 Total Signal Drivers   : 7
 Total Blocks           : 2
 Total Primitive Blocks : 2
 Total Processes        : 8
 Total Traceable Variables  : 18
 Total Scalar Nets and Variables : 97
Total Line Count : 16

 Total Simulation Time: 0.171875 sec

 Current Memory Usage: 861.86 Meg

Thu Apr 20 15:01:29 2017

