Command line:
   lab_end_term_isim_beh.exe
     -simmode  gui
     -simrunnum  0
     -socket  50328

Fri Apr 21 11:21:00 2017


 Elaboration Time: 0.15625 sec

 Current Memory Usage: 865.53 Meg

 Total Signals          : 17
 Total Nets             : 17
 Total Signal Drivers   : 6
 Total Blocks           : 2
 Total Primitive Blocks : 2
 Total Processes        : 7
 Total Traceable Variables  : 18
 Total Scalar Nets and Variables : 97
Total Line Count : 15

 Total Simulation Time: 0.15625 sec

 Current Memory Usage: 865.53 Meg

Fri Apr 21 11:21:07 2017

