Command line:
   full_adder_isim_beh.exe
     -simmode  gui
     -simrunnum  0
     -socket  60980

Thu Apr 20 15:00:52 2017


 Elaboration Time: 0.1875 sec

 Current Memory Usage: 861.86 Meg

 Total Signals          : 29
 Total Nets             : 21
 Total Signal Drivers   : 10
 Total Blocks           : 4
 Total Primitive Blocks : 3
 Total Processes        : 11
 Total Traceable Variables  : 18
 Total Scalar Nets and Variables : 101
Total Line Count : 18

 Total Simulation Time: 0.203125 sec

 Current Memory Usage: 861.86 Meg

Thu Apr 20 15:01:02 2017

