--------------------------------------------------------------------------------
Release 14.7 Trace  (nt)
Copyright (c) 1995-2013 Xilinx, Inc.  All rights reserved.

E:\Xilinx\14.7\ISE_DS\ISE\bin\nt\unwrapped\trce.exe -intstyle ise -v 3 -s 3 -n
3 -fastpaths -xml booth_multiplier.twx booth_multiplier.ncd -o
booth_multiplier.twr booth_multiplier.pcf

Design file:              booth_multiplier.ncd
Physical constraint file: booth_multiplier.pcf
Device,package,speed:     xc6slx4,tqg144,C,-3 (PRODUCTION 1.23 2013-10-13)
Report level:             verbose report

Environment Variable      Effect 
--------------------      ------ 
NONE                      No environment variables were set
--------------------------------------------------------------------------------

INFO:Timing:2698 - No timing constraints found, doing default enumeration.
INFO:Timing:3412 - To improve timing, see the Timing Closure User Guide (UG612).
INFO:Timing:2752 - To get complete path coverage, use the unconstrained paths 
   option. All paths that are not constrained will be reported in the 
   unconstrained paths section(s) of the report.
INFO:Timing:3339 - The clock-to-out numbers in this timing report are based on 
   a 50 Ohm transmission line loading model.  For the details of this model, 
   and for more information on accounting for different loading conditions, 
   please see the device datasheet.



Data Sheet report:
-----------------
All values displayed in nanoseconds (ns)

Pad to Pad
---------------+---------------+---------+
Source Pad     |Destination Pad|  Delay  |
---------------+---------------+---------+
a<0>           |out<5>         |    5.872|
a<1>           |out<6>         |    5.399|
a<2>           |out<7>         |    5.711|
a<3>           |out<8>         |    5.825|
a<4>           |out<9>         |    5.724|
q<1>           |out<0>         |    6.223|
q<2>           |out<1>         |    7.103|
q<3>           |out<2>         |    6.869|
q<4>           |out<3>         |    6.967|
q<5>           |out<4>         |    6.919|
---------------+---------------+---------+


Analysis completed Fri Mar 03 13:08:45 2017 
--------------------------------------------------------------------------------

Trace Settings:
-------------------------
Trace Settings 

Peak Memory Usage: 159 MB



